<?xml version="1.0" encoding="UTF-8"?>
<!-- Generated by org.testng.reporters.JUnitReportReporter -->
<testsuite hostname="LAPTOP-CUV91TK7" failures="0" tests="1" name="com.Vippon.solutions.CreateSolutionsTest" time="26.029" errors="0" timestamp="2021-09-10T20:10:13 IST" skipped="0">
  <testcase classname="com.Vippon.solutions.CreateSolutionsTest" name="main" time="26.029"/>
  <system-out/>
</testsuite> <!-- com.Vippon.solutions.CreateSolutionsTest -->
