<?xml version="1.0" encoding="UTF-8"?>
<!-- Generated by org.testng.reporters.JUnitReportReporter -->
<testsuite skipped="0" hostname="LAPTOP-CUV91TK7" name="com.Vippon.Potentials.PotentialsTest" tests="1" failures="0" timestamp="2021-10-02T16:44:33 IST" time="16.689" errors="0">
  <testcase name="main" time="16.689" classname="com.Vippon.Potentials.PotentialsTest"/>
  <system-out/>
</testsuite> <!-- com.Vippon.Potentials.PotentialsTest -->
