<?xml version="1.0" encoding="UTF-8"?>
<!-- Generated by org.testng.reporters.JUnitReportReporter -->
<testsuite skipped="0" hostname="LAPTOP-CUV91TK7" name="com.Vippon.solutions.CreateSolutionsTest" tests="1" failures="0" timestamp="2021-10-02T13:40:10 IST" time="11.593" errors="0">
  <testcase name="main" time="11.593" classname="com.Vippon.solutions.CreateSolutionsTest"/>
  <system-out/>
</testsuite> <!-- com.Vippon.solutions.CreateSolutionsTest -->
