<?xml version="1.0" encoding="UTF-8"?>
<!-- Generated by org.testng.reporters.JUnitReportReporter -->
<testsuite skipped="0" hostname="LAPTOP-CUV91TK7" name="com.Vippon.Potentials.PotentialsTest" tests="1" failures="0" timestamp="2021-10-06T17:06:08 IST" time="22.398" errors="0">
  <testcase name="main" time="22.398" classname="com.Vippon.Potentials.PotentialsTest"/>
  <system-out/>
</testsuite> <!-- com.Vippon.Potentials.PotentialsTest -->
