<?xml version="1.0" encoding="UTF-8"?>
<!-- Generated by org.testng.reporters.JUnitReportReporter -->
<testsuite skipped="0" hostname="LAPTOP-CUV91TK7" name="com.Vippon.PriceBooks.PriceBooksTest" tests="1" failures="0" timestamp="2021-10-02T16:44:33 IST" time="11.945" errors="0">
  <testcase name="main" time="11.945" classname="com.Vippon.PriceBooks.PriceBooksTest"/>
  <system-out/>
</testsuite> <!-- com.Vippon.PriceBooks.PriceBooksTest -->
