<?xml version="1.0" encoding="UTF-8"?>
<!-- Generated by org.testng.reporters.JUnitReportReporter -->
<testsuite hostname="LAPTOP-CUV91TK7" failures="0" tests="1" name="com.Vippon.salesOrder.CreateSalesOrderTest" time="0.017" errors="0" timestamp="2021-09-03T13:42:22 IST" skipped="0">
  <testcase classname="com.Vippon.salesOrder.CreateSalesOrderTest" name="run" time="0.017"/>
  <system-out>
    <![CDATA[Running successful]]>
  </system-out>
</testsuite> <!-- com.Vippon.salesOrder.CreateSalesOrderTest -->
