<?xml version="1.0" encoding="UTF-8"?>
<!-- Generated by org.testng.reporters.JUnitReportReporter -->
<testsuite hostname="LAPTOP-CUV91TK7" failures="0" tests="1" name="com.Vippon.Potentials.PotentialsTest" time="21.372" errors="0" timestamp="2021-09-09T20:07:40 IST" skipped="0">
  <testcase classname="com.Vippon.Potentials.PotentialsTest" name="main" time="21.372"/>
  <system-out/>
</testsuite> <!-- com.Vippon.Potentials.PotentialsTest -->
