<?xml version="1.0" encoding="UTF-8"?>
<!-- Generated by org.testng.reporters.JUnitReportReporter -->
<testsuite skipped="0" hostname="LAPTOP-CUV91TK7" name="com.Vippon.Potentials.PotentialsTest" tests="1" failures="0" timestamp="2021-10-02T13:33:18 IST" time="25.512" errors="0">
  <testcase name="main" time="25.512" classname="com.Vippon.Potentials.PotentialsTest"/>
  <system-out/>
</testsuite> <!-- com.Vippon.Potentials.PotentialsTest -->
