<?xml version="1.0" encoding="UTF-8"?>
<!-- Generated by org.testng.reporters.JUnitReportReporter -->
<testsuite hostname="LAPTOP-CUV91TK7" failures="0" tests="1" name="com.Vippon.Lead.CreateLeadTest" time="72.515" errors="0" timestamp="2021-09-07T09:28:37 IST" skipped="0">
  <testcase classname="com.Vippon.Lead.CreateLeadTest" name="main" time="72.515"/>
  <system-out/>
</testsuite> <!-- com.Vippon.Lead.CreateLeadTest -->
