<?xml version="1.0" encoding="UTF-8"?>
<!-- Generated by org.testng.reporters.JUnitReportReporter -->
<testsuite hostname="LAPTOP-CUV91TK7" failures="0" tests="1" name="com.Vippon.Invoice.InvoiceTest" time="18.027" errors="0" timestamp="2021-09-06T11:40:37 IST" skipped="0">
  <testcase classname="com.Vippon.Invoice.InvoiceTest" name="main" time="18.027"/>
  <system-out/>
</testsuite> <!-- com.Vippon.Invoice.InvoiceTest -->
