<?xml version="1.0" encoding="UTF-8"?>
<!-- Generated by org.testng.reporters.JUnitReportReporter -->
<testsuite skipped="0" hostname="LAPTOP-CUV91TK7" name="com.Vippon.Potentials.PotentialsTest" tests="1" failures="0" timestamp="2021-09-14T13:46:56 IST" time="248.795" errors="0">
  <testcase name="main" time="248.795" classname="com.Vippon.Potentials.PotentialsTest"/>
  <system-out/>
</testsuite> <!-- com.Vippon.Potentials.PotentialsTest -->
